# JRE version: Java(TM) SE Runtime Environment (17.0.4.1+1) (build 17.0.4.1+1-LTS-2)
# Java VM: Java HotSpot(TM) 64-Bit Server VM (17.0.4.1+1-LTS-2, mixed mode, sharing, tiered, compressed oops, compressed class ptrs, g1 gc, windows-amd64)
GC Precious Log:
 CPUs: 8 total, 8 available
 Memory: 8099M
 Large Page Support: Disabled
 NUMA Support: Disabled
 Compressed Oops: Enabled (32-bit)
 Heap Region Size: 1M
 Heap Min Capacity: 8M
 Heap Initial Capacity: 128M
 Heap Max Capacity: 2026M
 Pre-touch: Disabled
 Parallel Workers: 8
 Concurrent Workers: 2
 Concurrent Refinement Workers: 8
 Periodic GC: Disabled
Heap:
 garbage-first heap   total 131072K, used 84139K [0x0000000081600000, 0x0000000100000000)
  region size 1024K, 75 young (76800K), 1 survivors (1024K)
 Metaspace       used 9356K, committed 9600K, reserved 1064960K
  class space    used 925K, committed 1024K, reserved 1048576K
GC Heap History (20 events):
Event: 37578.505 GC heap before
{Heap before GC invocations=299 (full 0):
 garbage-first heap   total 131072K, used 86192K [0x0000000081600000, 0x0000000100000000)
  region size 1024K, 76 young (77824K), 1 survivors (1024K)
 Metaspace       used 9345K, committed 9536K, reserved 1064960K
  class space    used 923K, committed 1024K, reserved 1048576K
}
Event: 37578.507 GC heap after
{Heap after GC invocations=300 (full 0):
 garbage-first heap   total 131072K, used 9414K [0x0000000081600000, 0x0000000100000000)
  region size 1024K, 1 young (1024K), 1 survivors (1024K)
 Metaspace       used 9345K, committed 9536K, reserved 1064960K
  class space    used 923K, committed 1024K, reserved 1048576K
}
Event: 37686.321 GC heap before
{Heap before GC invocations=300 (full 0):
 garbage-first heap   total 131072K, used 86214K [0x0000000081600000, 0x0000000100000000)
  region size 1024K, 76 young (77824K), 1 survivors (1024K)
 Metaspace       used 9345K, committed 9536K, reserved 1064960K
  class space    used 923K, committed 1024K, reserved 1048576K
}
Event: 37686.322 GC heap after
{Heap after GC invocations=301 (full 0):
 garbage-first heap   total 131072K, used 9406K [0x0000000081600000, 0x0000000100000000)
  region size 1024K, 1 young (1024K), 1 survivors (1024K)
 Metaspace       used 9345K, committed 9536K, reserved 1064960K
  class space    used 923K, committed 1024K, reserved 1048576K
}
Event: 37823.062 GC heap before
{Heap before GC invocations=301 (full 0):
 garbage-first heap   total 131072K, used 86206K [0x0000000081600000, 0x0000000100000000)
  region size 1024K, 77 young (78848K), 1 survivors (1024K)
 Metaspace       used 9345K, committed 9536K, reserved 1064960K
  class space    used 923K, committed 1024K, reserved 1048576K
}
Event: 37823.064 GC heap after
{Heap after GC invocations=302 (full 0):
 garbage-first heap   total 131072K, used 9390K [0x0000000081600000, 0x0000000100000000)
  region size 1024K, 1 young (1024K), 1 survivors (1024K)
 Metaspace       used 9345K, committed 9536K, reserved 1064960K
  class space    used 923K, committed 1024K, reserved 1048576K
}
Event: 37936.094 GC heap before
{Heap before GC invocations=302 (full 0):
 garbage-first heap   total 131072K, used 86190K [0x0000000081600000, 0x0000000100000000)
  region size 1024K, 76 young (77824K), 1 survivors (1024K)
 Metaspace       used 9345K, committed 9536K, reserved 1064960K
  class space    used 923K, committed 1024K, reserved 1048576K
}
Event: 37936.094 GC heap after
{Heap after GC invocations=303 (full 0):
 garbage-first heap   total 131072K, used 9412K [0x0000000081600000, 0x0000000100000000)
  region size 1024K, 1 young (1024K), 1 survivors (1024K)
 Metaspace       used 9345K, committed 9536K, reserved 1064960K
  class space    used 923K, committed 1024K, reserved 1048576K
}
Event: 38125.448 GC heap before
{Heap before GC invocations=303 (full 0):
 garbage-first heap   total 131072K, used 86212K [0x0000000081600000, 0x0000000100000000)
  region size 1024K, 76 young (77824K), 1 survivors (1024K)
 Metaspace       used 9345K, committed 9536K, reserved 1064960K
  class space    used 923K, committed 1024K, reserved 1048576K
}
Event: 38125.448 GC heap after
{Heap after GC invocations=304 (full 0):
 garbage-first heap   total 131072K, used 9401K [0x0000000081600000, 0x0000000100000000)
  region size 1024K, 1 young (1024K), 1 survivors (1024K)
 Metaspace       used 9345K, committed 9536K, reserved 1064960K
  class space    used 923K, committed 1024K, reserved 1048576K
}
Event: 38225.882 GC heap before
{Heap before GC invocations=304 (full 0):
 garbage-first heap   total 131072K, used 86201K [0x0000000081600000, 0x0000000100000000)
  region size 1024K, 76 young (77824K), 1 survivors (1024K)
 Metaspace       used 9345K, committed 9536K, reserved 1064960K
  class space    used 923K, committed 1024K, reserved 1048576K
}
Event: 38225.882 GC heap after
{Heap after GC invocations=305 (full 0):
 garbage-first heap   total 131072K, used 9392K [0x0000000081600000, 0x0000000100000000)
  region size 1024K, 1 young (1024K), 1 survivors (1024K)
 Metaspace       used 9345K, committed 9536K, reserved 1064960K
  class space    used 923K, committed 1024K, reserved 1048576K
}
Event: 38362.767 GC heap before
{Heap before GC invocations=305 (full 0):
 garbage-first heap   total 131072K, used 86192K [0x0000000081600000, 0x0000000100000000)
  region size 1024K, 76 young (77824K), 1 survivors (1024K)
 Metaspace       used 9345K, committed 9536K, reserved 1064960K
  class space    used 923K, committed 1024K, reserved 1048576K
}
Event: 38362.768 GC heap after
{Heap after GC invocations=306 (full 0):
 garbage-first heap   total 131072K, used 9394K [0x0000000081600000, 0x0000000100000000)
  region size 1024K, 1 young (1024K), 1 survivors (1024K)
 Metaspace       used 9345K, committed 9536K, reserved 1064960K
  class space    used 923K, committed 1024K, reserved 1048576K
}
Event: 38483.864 GC heap before
{Heap before GC invocations=306 (full 0):
 garbage-first heap   total 131072K, used 86194K [0x0000000081600000, 0x0000000100000000)
  region size 1024K, 76 young (77824K), 1 survivors (1024K)
 Metaspace       used 9345K, committed 9536K, reserved 1064960K
  class space    used 923K, committed 1024K, reserved 1048576K
}
Event: 38483.865 GC heap after
{Heap after GC invocations=307 (full 0):
 garbage-first heap   total 131072K, used 9400K [0x0000000081600000, 0x0000000100000000)
  region size 1024K, 1 young (1024K), 1 survivors (1024K)
 Metaspace       used 9345K, committed 9536K, reserved 1064960K
  class space    used 923K, committed 1024K, reserved 1048576K
}
Event: 38639.638 GC heap before
{Heap before GC invocations=307 (full 0):
 garbage-first heap   total 131072K, used 86200K [0x0000000081600000, 0x0000000100000000)
  region size 1024K, 76 young (77824K), 1 survivors (1024K)
 Metaspace       used 9345K, committed 9536K, reserved 1064960K
  class space    used 923K, committed 1024K, reserved 1048576K
}
Event: 38639.639 GC heap after
{Heap after GC invocations=308 (full 0):
 garbage-first heap   total 131072K, used 9390K [0x0000000081600000, 0x0000000100000000)
  region size 1024K, 1 young (1024K), 1 survivors (1024K)
 Metaspace       used 9345K, committed 9536K, reserved 1064960K
  class space    used 923K, committed 1024K, reserved 1048576K
}
Event: 38740.583 GC heap before
{Heap before GC invocations=308 (full 0):
 garbage-first heap   total 131072K, used 86190K [0x0000000081600000, 0x0000000100000000)
  region size 1024K, 76 young (77824K), 1 survivors (1024K)
 Metaspace       used 9345K, committed 9536K, reserved 1064960K
  class space    used 923K, committed 1024K, reserved 1048576K
}
Event: 38740.583 GC heap after
{Heap after GC invocations=309 (full 0):
 garbage-first heap   total 131072K, used 9387K [0x0000000081600000, 0x0000000100000000)
  region size 1024K, 1 young (1024K), 1 survivors (1024K)
 Metaspace       used 9345K, committed 9536K, reserved 1064960K
  class space    used 923K, committed 1024K, reserved 1048576K
}

